=== Git Operations Started Sat, May  3, 2025  1:49:19 PM ===

Processing main repo: C:/Users/tyriq/Documents/Github/lead_ignite_backend_3.0
Git reference: refs/heads/main
Successfully updated main repo

Processing submodule: C:/Users/tyriq/Documents/Github/lead_ignite_backend_3.0/backend/app/core/third_party_integrations/stripe_home
No changes to commit

Processing submodule: C:/Users/tyriq/Documents/Github/lead_ignite_backend_3.0/backend/app/core/third_party_integrations/supabase_home
No changes to commit

Processing submodule: C:/Users/tyriq/Documents/Github/lead_ignite_backend_3.0/backend/app/core/third_party_integrations/model_context_protocol
ERROR: Cannot access repo

Processing submodule: C:/Users/tyriq/Documents/Github/lead_ignite_backend_3.0/util_scripts
Git reference: 4e15669
Successfully updated submodule

Processing submodule: C:/Users/tyriq/Documents/Github/lead_ignite_backend_3.0/backend/_docs/backend_best_practices
No changes to commit

Processing submodule: C:/Users/tyriq/Documents/Github/lead_ignite_backend_3.0/backend/app/core/third_party_integrations/osint/Phunter
No changes to commit

Processing submodule: C:/Users/tyriq/Documents/Github/lead_ignite_backend_3.0/backend/app/core/third_party_integrations/osint/Zehef
No changes to commit

Processing submodule: C:/Users/tyriq/Documents/Github/lead_ignite_backend_3.0/backend/app/core/third_party_integrations/osint/theHarvester
No changes to commit

Processing submodule: C:/Users/tyriq/Documents/Github/lead_ignite_backend_3.0/backend/app/core/third_party_integrations/eleven_labs_home
No changes to commit

Processing submodule: C:/Users/tyriq/Documents/Github/lead_ignite_backend_3.0/backend/app/core/third_party_integrations/go_high_level_home
No changes to commit

Processing submodule: C:/Users/tyriq/Documents/Github/lead_ignite_backend_3.0/backend/app/core/third_party_integrations/vapi_home
No changes to commit

Processing submodule: C:/Users/tyriq/Documents/Github/lead_ignite_backend_3.0/backend/app/core/celery
Git reference: 6e0e930
Successfully updated submodule

Processing submodule: C:/Users/tyriq/Documents/Github/lead_ignite_backend_3.0/backend/app/core/db_utils
Git reference: refs/heads/master
Successfully updated submodule

Processing submodule: C:/Users/tyriq/Documents/Github/lead_ignite_backend_3.0/backend/app/core/pulsar
Git reference: f2b9d9a
Successfully updated submodule

Processing submodule: C:/Users/tyriq/Documents/Github/lead_ignite_backend_3.0/backend/app/core/redis
Git reference: refs/heads/main
Successfully updated submodule

Processing submodule: C:/Users/tyriq/Documents/Github/lead_ignite_backend_3.0/backend/app/core/security
Git reference: refs/heads/main
Successfully updated submodule

Processing submodule: C:/Users/tyriq/Documents/Github/lead_ignite_backend_3.0/backend/app/core/telemetry
Git reference: refs/heads/main
Successfully updated submodule

Processing submodule: C:/Users/tyriq/Documents/Github/lead_ignite_backend_3.0/backend/app/core/third_party_integrations/osint
Git reference: refs/heads/main

Processing submodule: C:/Users/tyriq/Documents/Github/lead_ignite_backend_3.0/backend/app/core/prometheus
Git reference: refs/heads/master
Successfully updated submodule

Processing submodule: C:/Users/tyriq/Documents/Github/lead_ignite_backend_3.0/backend/app/core/grafana
Git reference: refs/heads/master
Successfully updated submodule

Processing submodule: C:/Users/tyriq/Documents/Github/lead_ignite_backend_3.0/backend/app/mcp_server
No changes to commit

Processing submodule: C:/Users/tyriq/Documents/Github/lead_ignite_backend_3.0/backend/app/core/locust_load_test
Git reference: refs/heads/master
Successfully updated submodule

=== Git Operations Completed Sat, May  3, 2025  1:49:43 PM ===
