=== Git Operations Started Sat, May  3, 2025  5:53:43 PM ===

Processing main repo: C:/Users/tyriq/Documents/Github/lead_ignite_backend_3.0
Git reference: refs/heads/main
Successfully updated main repo

Processing submodule: C:/Users/tyriq/Documents/Github/lead_ignite_backend_3.0/backend/app/core/third_party_integrations/stripe_home
No changes to commit

Processing submodule: C:/Users/tyriq/Documents/Github/lead_ignite_backend_3.0/backend/app/core/third_party_integrations/supabase_home
No changes to commit

Processing submodule: C:/Users/tyriq/Documents/Github/lead_ignite_backend_3.0/util_scripts
Git reference: refs/heads/main
Successfully updated submodule

Processing submodule: C:/Users/tyriq/Documents/Github/lead_ignite_backend_3.0/backend/_docs/backend_best_practices
No changes to commit

Processing submodule: C:/Users/tyriq/Documents/Github/lead_ignite_backend_3.0/backend/app/core/third_party_integrations/osint/Phunter
No changes to commit

Processing submodule: C:/Users/tyriq/Documents/Github/lead_ignite_backend_3.0/backend/app/core/third_party_integrations/osint/Zehef
No changes to commit

Processing submodule: C:/Users/tyriq/Documents/Github/lead_ignite_backend_3.0/backend/app/core/third_party_integrations/osint/theHarvester
No changes to commit

Processing submodule: C:/Users/tyriq/Documents/Github/lead_ignite_backend_3.0/backend/app/core/third_party_integrations/eleven_labs_home
No changes to commit

Processing submodule: C:/Users/tyriq/Documents/Github/lead_ignite_backend_3.0/backend/app/core/third_party_integrations/go_high_level_home
No changes to commit

Processing submodule: C:/Users/tyriq/Documents/Github/lead_ignite_backend_3.0/backend/app/core/third_party_integrations/vapi_home
No changes to commit

Processing submodule: C:/Users/tyriq/Documents/Github/lead_ignite_backend_3.0/backend/app/core/celery
No changes to commit

Processing submodule: C:/Users/tyriq/Documents/Github/lead_ignite_backend_3.0/backend/app/core/db_utils
No changes to commit

Processing submodule: C:/Users/tyriq/Documents/Github/lead_ignite_backend_3.0/backend/app/core/pulsar
No changes to commit

Processing submodule: C:/Users/tyriq/Documents/Github/lead_ignite_backend_3.0/backend/app/core/redis
No changes to commit

Processing submodule: C:/Users/tyriq/Documents/Github/lead_ignite_backend_3.0/backend/app/core/security
No changes to commit

Processing submodule: C:/Users/tyriq/Documents/Github/lead_ignite_backend_3.0/backend/app/core/telemetry
No changes to commit

Processing submodule: C:/Users/tyriq/Documents/Github/lead_ignite_backend_3.0/backend/app/core/third_party_integrations/osint
Git reference: refs/heads/main

Processing submodule: C:/Users/tyriq/Documents/Github/lead_ignite_backend_3.0/backend/app/core/prometheus
No changes to commit

Processing submodule: C:/Users/tyriq/Documents/Github/lead_ignite_backend_3.0/backend/app/core/grafana
No changes to commit

Processing submodule: C:/Users/tyriq/Documents/Github/lead_ignite_backend_3.0/backend/app/mcp_server
No changes to commit

Processing submodule: C:/Users/tyriq/Documents/Github/lead_ignite_backend_3.0/backend/app/core/locust_load_test
No changes to commit

=== Git Operations Completed Sat, May  3, 2025  5:53:50 PM ===
